2025/04/09 16:13:29 INFO  - jmeter.util.JMeterUtils: Setting Locale to en_US 
2025/04/09 16:13:29 INFO  - jmeter.JMeter: Loading user properties from: /usr/share/jmeter/bin/user.properties 
2025/04/09 16:13:29 INFO  - jmeter.JMeter: Loading system properties from: /usr/share/jmeter/bin/system.properties 
2025/04/09 16:13:29 INFO  - jmeter.JMeter: Copyright (c) 1998-2015 The Apache Software Foundation 
2025/04/09 16:13:29 INFO  - jmeter.JMeter: Version 2.13.19691222 
2025/04/09 16:13:29 INFO  - jmeter.JMeter: java.version=21.0.6 
2025/04/09 16:13:29 INFO  - jmeter.JMeter: java.vm.name=OpenJDK 64-Bit Server VM 
2025/04/09 16:13:29 INFO  - jmeter.JMeter: os.name=Linux 
2025/04/09 16:13:29 INFO  - jmeter.JMeter: os.arch=amd64 
2025/04/09 16:13:29 INFO  - jmeter.JMeter: os.version=6.8.0-57-generic 
2025/04/09 16:13:29 INFO  - jmeter.JMeter: file.encoding=UTF-8 
2025/04/09 16:13:29 INFO  - jmeter.JMeter: Default Locale=English (United States) 
2025/04/09 16:13:29 INFO  - jmeter.JMeter: JMeter  Locale=English (United States) 
2025/04/09 16:13:29 INFO  - jmeter.JMeter: JMeterHome=/usr/share/jmeter 
2025/04/09 16:13:29 INFO  - jmeter.JMeter: user.dir  =/home/ugo/Desktop/UA/3ano/2semestre/TQS/P/TQS_HW1 
2025/04/09 16:13:29 INFO  - jmeter.JMeter: PWD       =/home/ugo/Desktop/UA/3ano/2semestre/TQS/P/TQS_HW1 
2025/04/09 16:13:29 INFO  - jmeter.JMeter: IP: 127.0.1.1 Name: castro FullName: castro 
2025/04/09 16:13:29 INFO  - jmeter.services.FileServer: Default base='/home/ugo/Desktop/UA/3ano/2semestre/TQS/P/TQS_HW1' 
2025/04/09 16:13:29 INFO  - jmeter.services.FileServer: Set new base='/home/ugo/Desktop/UA/3ano/2semestre/TQS/P/TQS_HW1/src/test/jmeter' 
2025/04/09 16:13:30 INFO  - jmeter.save.SaveService: Testplan (JMX) version: 2.2. Testlog (JTL) version: 2.2 
2025/04/09 16:13:30 INFO  - jmeter.save.SaveService: Using SaveService properties version 2.8 
2025/04/09 16:13:30 INFO  - jmeter.save.SaveService: Using SaveService properties file version 1656252 
2025/04/09 16:13:30 INFO  - jmeter.save.SaveService: Using SaveService properties file encoding UTF-8 
2025/04/09 16:13:30 INFO  - jmeter.save.SaveService: All converter versions present and correct 
2025/04/09 16:13:30 INFO  - jmeter.save.SaveService: Loading file: src/test/jmeter/MoliceiroMealsPerformanceTest.jmx 
2025/04/09 16:13:30 ERROR - jmeter.JMeter: Error in NonGUIDriver com.thoughtworks.xstream.security.ForbiddenClassException: org.apache.jmeter.save.ScriptWrapper
	at com.thoughtworks.xstream.security.NoTypePermission.allows(NoTypePermission.java:26)
	at com.thoughtworks.xstream.mapper.SecurityMapper.realClass(SecurityMapper.java:74)
	at com.thoughtworks.xstream.mapper.MapperWrapper.realClass(MapperWrapper.java:125)
	at org.apache.jmeter.save.SaveService$XStreamWrapper$1.realClass(SaveService.java:94)
	at com.thoughtworks.xstream.mapper.MapperWrapper.realClass(MapperWrapper.java:125)
	at com.thoughtworks.xstream.mapper.CachingMapper.realClass(CachingMapper.java:47)
	at com.thoughtworks.xstream.core.util.HierarchicalStreams.readClassType(HierarchicalStreams.java:29)
	at com.thoughtworks.xstream.core.TreeUnmarshaller.start(TreeUnmarshaller.java:133)
	at com.thoughtworks.xstream.core.AbstractTreeMarshallingStrategy.unmarshal(AbstractTreeMarshallingStrategy.java:32)
	at com.thoughtworks.xstream.XStream.unmarshal(XStream.java:1392)
	at com.thoughtworks.xstream.XStream.unmarshal(XStream.java:1377)
	at com.thoughtworks.xstream.XStream.fromXML(XStream.java:1262)
	at org.apache.jmeter.save.SaveService.readTree(SaveService.java:559)
	at org.apache.jmeter.save.SaveService.loadTree(SaveService.java:537)
	at org.apache.jmeter.JMeter.runNonGui(JMeter.java:751)
	at org.apache.jmeter.JMeter.startNonGui(JMeter.java:738)
	at org.apache.jmeter.JMeter.start(JMeter.java:397)
	at java.base/jdk.internal.reflect.DirectMethodHandleAccessor.invoke(DirectMethodHandleAccessor.java:103)
	at java.base/java.lang.reflect.Method.invoke(Method.java:580)
	at org.apache.jmeter.NewDriver.main(NewDriver.java:264)

